<?xml version="1.0" encoding="UTF-8"?>
<!-- Generated by org.testng.reporters.JUnitXMLReporter -->
<testsuite ignored="0" hostname="DESKTOP-B7LR8B2" failures="0" tests="1" name="Default test(failed)" time="0.11" errors="0" timestamp="2023-02-11T22:43:40 IST">
  <testcase classname="TestNG.TestNgClass_Spotify" name="@BeforeTest launchTheBrowser" time="-1.676135620408E9">
    <failure type="org.testng.TestNGException" message="
Parameter &amp;apos;browser&amp;apos; is required by BeforeTest on method launchTheBrowser but has not been marked @Optional or defined
in C:\Users\admin\eclipse-workspace\Spotify1\test-output\Default suite\testng-failed.xml">
      <![CDATA[org.testng.TestNGException: 
Parameter 'browser' is required by BeforeTest on method launchTheBrowser but has not been marked @Optional or defined
in C:\Users\admin\eclipse-workspace\Spotify1\test-output\Default suite\testng-failed.xml
... Removed 21 stack frames]]>
    </failure>
  </testcase> <!-- @BeforeTest launchTheBrowser -->
  <testcase classname="TestNG.TestNgClass_Spotify" name="@BeforeClass createPOMObjects" time="-1.676135620461E9">
    <skipped/>
  </testcase> <!-- @BeforeClass createPOMObjects -->
  <testcase classname="TestNG.TestNgClass_Spotify" name="@BeforeMethod GoToLoginPage" time="-1.676135620484E9">
    <skipped/>
  </testcase> <!-- @BeforeMethod GoToLoginPage -->
  <testcase classname="TestNG.TestNgClass_Spotify" name="@AfterMethod goToLogOut" time="-1.676135620501E9">
    <skipped/>
  </testcase> <!-- @AfterMethod goToLogOut -->
  <testcase classname="TestNG.TestNgClass_Spotify" name="@AfterClass clearPOMObjects" time="-1.676135620507E9">
    <skipped/>
  </testcase> <!-- @AfterClass clearPOMObjects -->
  <testcase classname="TestNG.TestNgClass_Spotify" name="@AfterTest closeBrowser" time="-1.676135620511E9">
    <skipped/>
  </testcase> <!-- @AfterTest closeBrowser -->
  <testcase classname="TestNG.TestNgClass_Spotify" name="verifyPlaySong" time="0.0">
    <skipped/>
  </testcase> <!-- verifyPlaySong -->
</testsuite> <!-- Default test(failed) -->
